2024-10-21 09:49:43,403 [Worker-1: Loading available Gradle versions] INFO  o.e.b.c.i.u.g.PublishedGradleVersions - Gradle version information cache is up-to-date. Trying to read.
2024-10-21 09:50:43,500 [ModalContext] INFO  o.e.m.c.i.e.AbstractTransferListenerAdapter - Downloading https://repo.maven.apache.org/maven2/org/apache/maven/archetypes/maven-archetype-quickstart/1.1/maven-archetype-quickstart-1.1.pom
2024-10-21 09:50:43,515 [ModalContext] INFO  o.e.m.c.i.e.AbstractTransferListenerAdapter - Downloaded https://repo.maven.apache.org/maven2/org/apache/maven/archetypes/maven-archetype-quickstart/1.1/maven-archetype-quickstart-1.1.pom
2024-10-21 09:50:43,584 [ModalContext] INFO  o.e.m.c.i.e.AbstractTransferListenerAdapter - Downloading https://repo.maven.apache.org/maven2/org/apache/maven/archetypes/maven-archetype-bundles/4/maven-archetype-bundles-4.pom
2024-10-21 09:50:43,593 [ModalContext] INFO  o.e.m.c.i.e.AbstractTransferListenerAdapter - Downloaded https://repo.maven.apache.org/maven2/org/apache/maven/archetypes/maven-archetype-bundles/4/maven-archetype-bundles-4.pom
2024-10-21 09:50:43,671 [ModalContext] INFO  o.e.m.c.i.e.AbstractTransferListenerAdapter - Downloading https://repo.maven.apache.org/maven2/org/apache/maven/archetype/maven-archetype/2.0-alpha-5/maven-archetype-2.0-alpha-5.pom
2024-10-21 09:50:43,685 [ModalContext] INFO  o.e.m.c.i.e.AbstractTransferListenerAdapter - Downloaded https://repo.maven.apache.org/maven2/org/apache/maven/archetype/maven-archetype/2.0-alpha-5/maven-archetype-2.0-alpha-5.pom
2024-10-21 09:50:43,774 [ModalContext] INFO  o.e.m.c.i.e.AbstractTransferListenerAdapter - Downloading https://repo.maven.apache.org/maven2/org/apache/maven/archetypes/maven-archetype-quickstart/1.1/maven-archetype-quickstart-1.1.jar
2024-10-21 09:50:43,789 [ModalContext] INFO  o.e.m.c.i.e.AbstractTransferListenerAdapter - Downloaded https://repo.maven.apache.org/maven2/org/apache/maven/archetypes/maven-archetype-quickstart/1.1/maven-archetype-quickstart-1.1.jar
2024-10-21 09:51:14,347 [Worker-21: Launching mavenrun-cf102159-7254-4eab-bfda-635ad328b00d] INFO  o.eclipse.m2e.core.internal.Bundles - getClasspathEntries(Bundle=org.eclipse.m2e.maven.runtime_3.9.900.20240824-1409 [299])
2024-10-21 09:51:14,348 [Worker-21: Launching mavenrun-cf102159-7254-4eab-bfda-635ad328b00d] INFO  o.eclipse.m2e.core.internal.Bundles - 	Entry: C:\Users\lxm166\.p2\pool\plugins\org.eclipse.m2e.maven.runtime_3.9.900.20240824-1409
2024-10-21 09:51:14,348 [Worker-21: Launching mavenrun-cf102159-7254-4eab-bfda-635ad328b00d] INFO  o.eclipse.m2e.core.internal.Bundles - 	Entry: C:\Users\lxm166\.p2\pool\plugins\org.eclipse.m2e.maven.runtime_3.9.900.20240824-1409\jars\aopalliance-1.0.jar
2024-10-21 09:51:14,348 [Worker-21: Launching mavenrun-cf102159-7254-4eab-bfda-635ad328b00d] INFO  o.eclipse.m2e.core.internal.Bundles - 	Entry: C:\Users\lxm166\.p2\pool\plugins\org.eclipse.m2e.maven.runtime_3.9.900.20240824-1409\jars\guice-5.1.0.jar
2024-10-21 09:51:14,348 [Worker-21: Launching mavenrun-cf102159-7254-4eab-bfda-635ad328b00d] INFO  o.eclipse.m2e.core.internal.Bundles - 	Entry: C:\Users\lxm166\.p2\pool\plugins\org.eclipse.m2e.maven.runtime_3.9.900.20240824-1409\jars\httpclient-4.5.14.jar
2024-10-21 09:51:14,348 [Worker-21: Launching mavenrun-cf102159-7254-4eab-bfda-635ad328b00d] INFO  o.eclipse.m2e.core.internal.Bundles - 	Entry: C:\Users\lxm166\.p2\pool\plugins\org.eclipse.m2e.maven.runtime_3.9.900.20240824-1409\jars\httpcore-4.4.16.jar
2024-10-21 09:51:14,349 [Worker-21: Launching mavenrun-cf102159-7254-4eab-bfda-635ad328b00d] INFO  o.eclipse.m2e.core.internal.Bundles - 	Entry: C:\Users\lxm166\.p2\pool\plugins\org.eclipse.m2e.maven.runtime_3.9.900.20240824-1409\jars\jansi-2.4.1.jar
2024-10-21 09:51:14,349 [Worker-21: Launching mavenrun-cf102159-7254-4eab-bfda-635ad328b00d] INFO  o.eclipse.m2e.core.internal.Bundles - 	Entry: C:\Users\lxm166\.p2\pool\plugins\org.eclipse.m2e.maven.runtime_3.9.900.20240824-1409\jars\jcl-over-slf4j-1.7.36.jar
2024-10-21 09:51:14,349 [Worker-21: Launching mavenrun-cf102159-7254-4eab-bfda-635ad328b00d] INFO  o.eclipse.m2e.core.internal.Bundles - 	Entry: C:\Users\lxm166\.p2\pool\plugins\org.eclipse.m2e.maven.runtime_3.9.900.20240824-1409\jars\maven-artifact-3.9.9.jar
2024-10-21 09:51:14,349 [Worker-21: Launching mavenrun-cf102159-7254-4eab-bfda-635ad328b00d] INFO  o.eclipse.m2e.core.internal.Bundles - 	Entry: C:\Users\lxm166\.p2\pool\plugins\org.eclipse.m2e.maven.runtime_3.9.900.20240824-1409\jars\maven-builder-support-3.9.9.jar
2024-10-21 09:51:14,349 [Worker-21: Launching mavenrun-cf102159-7254-4eab-bfda-635ad328b00d] INFO  o.eclipse.m2e.core.internal.Bundles - 	Entry: C:\Users\lxm166\.p2\pool\plugins\org.eclipse.m2e.maven.runtime_3.9.900.20240824-1409\jars\maven-compat-3.9.9.jar
2024-10-21 09:51:14,349 [Worker-21: Launching mavenrun-cf102159-7254-4eab-bfda-635ad328b00d] INFO  o.eclipse.m2e.core.internal.Bundles - 	Entry: C:\Users\lxm166\.p2\pool\plugins\org.eclipse.m2e.maven.runtime_3.9.900.20240824-1409\jars\maven-core-3.9.9.jar
2024-10-21 09:51:14,349 [Worker-21: Launching mavenrun-cf102159-7254-4eab-bfda-635ad328b00d] INFO  o.eclipse.m2e.core.internal.Bundles - 	Entry: C:\Users\lxm166\.p2\pool\plugins\org.eclipse.m2e.maven.runtime_3.9.900.20240824-1409\jars\maven-embedder-3.9.9.jar
2024-10-21 09:51:14,350 [Worker-21: Launching mavenrun-cf102159-7254-4eab-bfda-635ad328b00d] INFO  o.eclipse.m2e.core.internal.Bundles - 	Entry: C:\Users\lxm166\.p2\pool\plugins\org.eclipse.m2e.maven.runtime_3.9.900.20240824-1409\jars\maven-model-3.9.9.jar
2024-10-21 09:51:14,350 [Worker-21: Launching mavenrun-cf102159-7254-4eab-bfda-635ad328b00d] INFO  o.eclipse.m2e.core.internal.Bundles - 	Entry: C:\Users\lxm166\.p2\pool\plugins\org.eclipse.m2e.maven.runtime_3.9.900.20240824-1409\jars\maven-model-builder-3.9.9.jar
2024-10-21 09:51:14,350 [Worker-21: Launching mavenrun-cf102159-7254-4eab-bfda-635ad328b00d] INFO  o.eclipse.m2e.core.internal.Bundles - 	Entry: C:\Users\lxm166\.p2\pool\plugins\org.eclipse.m2e.maven.runtime_3.9.900.20240824-1409\jars\maven-plugin-api-3.9.9.jar
2024-10-21 09:51:14,350 [Worker-21: Launching mavenrun-cf102159-7254-4eab-bfda-635ad328b00d] INFO  o.eclipse.m2e.core.internal.Bundles - 	Entry: C:\Users\lxm166\.p2\pool\plugins\org.eclipse.m2e.maven.runtime_3.9.900.20240824-1409\jars\maven-repository-metadata-3.9.9.jar
2024-10-21 09:51:14,350 [Worker-21: Launching mavenrun-cf102159-7254-4eab-bfda-635ad328b00d] INFO  o.eclipse.m2e.core.internal.Bundles - 	Entry: C:\Users\lxm166\.p2\pool\plugins\org.eclipse.m2e.maven.runtime_3.9.900.20240824-1409\jars\maven-resolver-api-1.9.22.jar
2024-10-21 09:51:14,350 [Worker-21: Launching mavenrun-cf102159-7254-4eab-bfda-635ad328b00d] INFO  o.eclipse.m2e.core.internal.Bundles - 	Entry: C:\Users\lxm166\.p2\pool\plugins\org.eclipse.m2e.maven.runtime_3.9.900.20240824-1409\jars\maven-resolver-connector-basic-1.9.22.jar
2024-10-21 09:51:14,350 [Worker-21: Launching mavenrun-cf102159-7254-4eab-bfda-635ad328b00d] INFO  o.eclipse.m2e.core.internal.Bundles - 	Entry: C:\Users\lxm166\.p2\pool\plugins\org.eclipse.m2e.maven.runtime_3.9.900.20240824-1409\jars\maven-resolver-impl-1.9.22.jar
2024-10-21 09:51:14,351 [Worker-21: Launching mavenrun-cf102159-7254-4eab-bfda-635ad328b00d] INFO  o.eclipse.m2e.core.internal.Bundles - 	Entry: C:\Users\lxm166\.p2\pool\plugins\org.eclipse.m2e.maven.runtime_3.9.900.20240824-1409\jars\maven-resolver-named-locks-1.9.22.jar
2024-10-21 09:51:14,351 [Worker-21: Launching mavenrun-cf102159-7254-4eab-bfda-635ad328b00d] INFO  o.eclipse.m2e.core.internal.Bundles - 	Entry: C:\Users\lxm166\.p2\pool\plugins\org.eclipse.m2e.maven.runtime_3.9.900.20240824-1409\jars\maven-resolver-provider-3.9.9.jar
2024-10-21 09:51:14,351 [Worker-21: Launching mavenrun-cf102159-7254-4eab-bfda-635ad328b00d] INFO  o.eclipse.m2e.core.internal.Bundles - 	Entry: C:\Users\lxm166\.p2\pool\plugins\org.eclipse.m2e.maven.runtime_3.9.900.20240824-1409\jars\maven-resolver-spi-1.9.22.jar
2024-10-21 09:51:14,351 [Worker-21: Launching mavenrun-cf102159-7254-4eab-bfda-635ad328b00d] INFO  o.eclipse.m2e.core.internal.Bundles - 	Entry: C:\Users\lxm166\.p2\pool\plugins\org.eclipse.m2e.maven.runtime_3.9.900.20240824-1409\jars\maven-resolver-transport-file-1.9.22.jar
2024-10-21 09:51:14,351 [Worker-21: Launching mavenrun-cf102159-7254-4eab-bfda-635ad328b00d] INFO  o.eclipse.m2e.core.internal.Bundles - 	Entry: C:\Users\lxm166\.p2\pool\plugins\org.eclipse.m2e.maven.runtime_3.9.900.20240824-1409\jars\maven-resolver-transport-http-1.9.22.jar
2024-10-21 09:51:14,351 [Worker-21: Launching mavenrun-cf102159-7254-4eab-bfda-635ad328b00d] INFO  o.eclipse.m2e.core.internal.Bundles - 	Entry: C:\Users\lxm166\.p2\pool\plugins\org.eclipse.m2e.maven.runtime_3.9.900.20240824-1409\jars\maven-resolver-transport-wagon-1.9.22.jar
2024-10-21 09:51:14,351 [Worker-21: Launching mavenrun-cf102159-7254-4eab-bfda-635ad328b00d] INFO  o.eclipse.m2e.core.internal.Bundles - 	Entry: C:\Users\lxm166\.p2\pool\plugins\org.eclipse.m2e.maven.runtime_3.9.900.20240824-1409\jars\maven-resolver-util-1.9.22.jar
2024-10-21 09:51:14,351 [Worker-21: Launching mavenrun-cf102159-7254-4eab-bfda-635ad328b00d] INFO  o.eclipse.m2e.core.internal.Bundles - 	Entry: C:\Users\lxm166\.p2\pool\plugins\org.eclipse.m2e.maven.runtime_3.9.900.20240824-1409\jars\maven-settings-3.9.9.jar
2024-10-21 09:51:14,353 [Worker-21: Launching mavenrun-cf102159-7254-4eab-bfda-635ad328b00d] INFO  o.eclipse.m2e.core.internal.Bundles - 	Entry: C:\Users\lxm166\.p2\pool\plugins\org.eclipse.m2e.maven.runtime_3.9.900.20240824-1409\jars\maven-settings-builder-3.9.9.jar
2024-10-21 09:51:14,353 [Worker-21: Launching mavenrun-cf102159-7254-4eab-bfda-635ad328b00d] INFO  o.eclipse.m2e.core.internal.Bundles - 	Entry: C:\Users\lxm166\.p2\pool\plugins\org.eclipse.m2e.maven.runtime_3.9.900.20240824-1409\jars\maven-shared-utils-3.4.2.jar
2024-10-21 09:51:14,353 [Worker-21: Launching mavenrun-cf102159-7254-4eab-bfda-635ad328b00d] INFO  o.eclipse.m2e.core.internal.Bundles - 	Entry: C:\Users\lxm166\.p2\pool\plugins\org.eclipse.m2e.maven.runtime_3.9.900.20240824-1409\jars\org.eclipse.sisu.inject-0.9.0.M3.jar
2024-10-21 09:51:14,353 [Worker-21: Launching mavenrun-cf102159-7254-4eab-bfda-635ad328b00d] INFO  o.eclipse.m2e.core.internal.Bundles - 	Entry: C:\Users\lxm166\.p2\pool\plugins\org.eclipse.m2e.maven.runtime_3.9.900.20240824-1409\jars\org.eclipse.sisu.plexus-0.9.0.M3.jar
2024-10-21 09:51:14,353 [Worker-21: Launching mavenrun-cf102159-7254-4eab-bfda-635ad328b00d] INFO  o.eclipse.m2e.core.internal.Bundles - 	Entry: C:\Users\lxm166\.p2\pool\plugins\org.eclipse.m2e.maven.runtime_3.9.900.20240824-1409\jars\plexus-build-api-0.0.7.jar
2024-10-21 09:51:14,353 [Worker-21: Launching mavenrun-cf102159-7254-4eab-bfda-635ad328b00d] INFO  o.eclipse.m2e.core.internal.Bundles - 	Entry: C:\Users\lxm166\.p2\pool\plugins\org.eclipse.m2e.maven.runtime_3.9.900.20240824-1409\jars\plexus-build-api-1.2.0.jar
2024-10-21 09:51:14,354 [Worker-21: Launching mavenrun-cf102159-7254-4eab-bfda-635ad328b00d] INFO  o.eclipse.m2e.core.internal.Bundles - 	Entry: C:\Users\lxm166\.p2\pool\plugins\org.eclipse.m2e.maven.runtime_3.9.900.20240824-1409\jars\plexus-cipher-2.0.jar
2024-10-21 09:51:14,354 [Worker-21: Launching mavenrun-cf102159-7254-4eab-bfda-635ad328b00d] INFO  o.eclipse.m2e.core.internal.Bundles - 	Entry: C:\Users\lxm166\.p2\pool\plugins\org.eclipse.m2e.maven.runtime_3.9.900.20240824-1409\jars\plexus-classworlds-2.8.0.jar
2024-10-21 09:51:14,354 [Worker-21: Launching mavenrun-cf102159-7254-4eab-bfda-635ad328b00d] INFO  o.eclipse.m2e.core.internal.Bundles - 	Entry: C:\Users\lxm166\.p2\pool\plugins\org.eclipse.m2e.maven.runtime_3.9.900.20240824-1409\jars\plexus-component-annotations-2.1.0.jar
2024-10-21 09:51:14,354 [Worker-21: Launching mavenrun-cf102159-7254-4eab-bfda-635ad328b00d] INFO  o.eclipse.m2e.core.internal.Bundles - 	Entry: C:\Users\lxm166\.p2\pool\plugins\org.eclipse.m2e.maven.runtime_3.9.900.20240824-1409\jars\plexus-interpolation-1.27.jar
2024-10-21 09:51:14,354 [Worker-21: Launching mavenrun-cf102159-7254-4eab-bfda-635ad328b00d] INFO  o.eclipse.m2e.core.internal.Bundles - 	Entry: C:\Users\lxm166\.p2\pool\plugins\org.eclipse.m2e.maven.runtime_3.9.900.20240824-1409\jars\plexus-sec-dispatcher-2.0.jar
2024-10-21 09:51:14,354 [Worker-21: Launching mavenrun-cf102159-7254-4eab-bfda-635ad328b00d] INFO  o.eclipse.m2e.core.internal.Bundles - 	Entry: C:\Users\lxm166\.p2\pool\plugins\org.eclipse.m2e.maven.runtime_3.9.900.20240824-1409\jars\plexus-utils-3.5.1.jar
2024-10-21 09:51:14,354 [Worker-21: Launching mavenrun-cf102159-7254-4eab-bfda-635ad328b00d] INFO  o.eclipse.m2e.core.internal.Bundles - 	Entry: C:\Users\lxm166\.p2\pool\plugins\org.eclipse.m2e.maven.runtime_3.9.900.20240824-1409\jars\plexus-xml-3.0.1.jar
2024-10-21 09:51:14,354 [Worker-21: Launching mavenrun-cf102159-7254-4eab-bfda-635ad328b00d] INFO  o.eclipse.m2e.core.internal.Bundles - 	Entry: C:\Users\lxm166\.p2\pool\plugins\org.eclipse.m2e.maven.runtime_3.9.900.20240824-1409\jars\wagon-file-3.5.3.jar
2024-10-21 09:51:14,355 [Worker-21: Launching mavenrun-cf102159-7254-4eab-bfda-635ad328b00d] INFO  o.eclipse.m2e.core.internal.Bundles - 	Entry: C:\Users\lxm166\.p2\pool\plugins\org.eclipse.m2e.maven.runtime_3.9.900.20240824-1409\jars\wagon-http-3.5.3.jar
2024-10-21 09:51:14,355 [Worker-21: Launching mavenrun-cf102159-7254-4eab-bfda-635ad328b00d] INFO  o.eclipse.m2e.core.internal.Bundles - 	Entry: C:\Users\lxm166\.p2\pool\plugins\org.eclipse.m2e.maven.runtime_3.9.900.20240824-1409\jars\wagon-http-shared-3.5.3.jar
2024-10-21 09:51:14,355 [Worker-21: Launching mavenrun-cf102159-7254-4eab-bfda-635ad328b00d] INFO  o.eclipse.m2e.core.internal.Bundles - 	Entry: C:\Users\lxm166\.p2\pool\plugins\org.eclipse.m2e.maven.runtime_3.9.900.20240824-1409\jars\wagon-provider-api-3.5.3.jar
2024-10-21 09:51:14,357 [Worker-21: Launching mavenrun-cf102159-7254-4eab-bfda-635ad328b00d] INFO  o.eclipse.m2e.core.internal.Bundles - getClasspathEntries(Bundle=com.google.guava_33.3.0.jre [10])
2024-10-21 09:51:14,358 [Worker-21: Launching mavenrun-cf102159-7254-4eab-bfda-635ad328b00d] INFO  o.eclipse.m2e.core.internal.Bundles - 	Entry: C:\Users\lxm166\.p2\pool\plugins\com.google.guava_33.3.0.jre.jar
2024-10-21 09:51:14,360 [Worker-21: Launching mavenrun-cf102159-7254-4eab-bfda-635ad328b00d] INFO  o.eclipse.m2e.core.internal.Bundles - getClasspathEntries(Bundle=slf4j.api_2.0.16 [521])
2024-10-21 09:51:14,360 [Worker-21: Launching mavenrun-cf102159-7254-4eab-bfda-635ad328b00d] INFO  o.eclipse.m2e.core.internal.Bundles - 	Entry: C:\Users\lxm166\.p2\pool\plugins\slf4j.api_2.0.16.jar
2024-10-21 09:51:14,360 [Worker-21: Launching mavenrun-cf102159-7254-4eab-bfda-635ad328b00d] INFO  o.eclipse.m2e.core.internal.Bundles - getClasspathEntries(Bundle=jakarta.inject.jakarta.inject-api_1.0.5 [22])
2024-10-21 09:51:14,361 [Worker-21: Launching mavenrun-cf102159-7254-4eab-bfda-635ad328b00d] INFO  o.eclipse.m2e.core.internal.Bundles - 	Entry: C:\Users\lxm166\.p2\pool\plugins\jakarta.inject.jakarta.inject-api_1.0.5.jar
2024-10-21 09:51:14,361 [Worker-21: Launching mavenrun-cf102159-7254-4eab-bfda-635ad328b00d] INFO  o.eclipse.m2e.core.internal.Bundles - getClasspathEntries(Bundle=jakarta.annotation-api_1.3.5 [20])
2024-10-21 09:51:14,363 [Worker-21: Launching mavenrun-cf102159-7254-4eab-bfda-635ad328b00d] INFO  o.eclipse.m2e.core.internal.Bundles - 	Entry: C:\Users\lxm166\.p2\pool\plugins\jakarta.annotation-api_1.3.5.jar
2024-10-21 09:51:14,363 [Worker-21: Launching mavenrun-cf102159-7254-4eab-bfda-635ad328b00d] INFO  o.eclipse.m2e.core.internal.Bundles - getClasspathEntries(Bundle=org.apache.commons.cli_1.9.0 [47])
2024-10-21 09:51:14,363 [Worker-21: Launching mavenrun-cf102159-7254-4eab-bfda-635ad328b00d] INFO  o.eclipse.m2e.core.internal.Bundles - 	Entry: C:\Users\lxm166\.p2\pool\plugins\org.apache.commons.cli_1.9.0.jar
2024-10-21 09:51:14,364 [Worker-21: Launching mavenrun-cf102159-7254-4eab-bfda-635ad328b00d] INFO  o.eclipse.m2e.core.internal.Bundles - getClasspathEntries(Bundle=org.apache.commons.commons-codec_1.16.0 [50])
2024-10-21 09:51:14,364 [Worker-21: Launching mavenrun-cf102159-7254-4eab-bfda-635ad328b00d] INFO  o.eclipse.m2e.core.internal.Bundles - 	Entry: C:\Users\lxm166\.p2\pool\plugins\org.apache.commons.commons-codec_1.16.0.jar
2024-10-21 09:51:14,364 [Worker-21: Launching mavenrun-cf102159-7254-4eab-bfda-635ad328b00d] INFO  o.eclipse.m2e.core.internal.Bundles - getClasspathEntries(Bundle=com.google.guava.failureaccess_1.0.2 [11])
2024-10-21 09:51:14,365 [Worker-21: Launching mavenrun-cf102159-7254-4eab-bfda-635ad328b00d] INFO  o.eclipse.m2e.core.internal.Bundles - 	Entry: C:\Users\lxm166\.p2\pool\plugins\com.google.guava.failureaccess_1.0.2.jar
2024-10-21 09:51:14,375 [Worker-21: Launching mavenrun-cf102159-7254-4eab-bfda-635ad328b00d] INFO  o.e.m.i.launch.MavenLaunchDelegate - Run build in "C:\Users\lxm166\AppData\Local\Temp\m2e-archetypeGenerator5031434454579911532":
2024-10-21 09:51:14,378 [Worker-21: Launching mavenrun-cf102159-7254-4eab-bfda-635ad328b00d] INFO  o.e.m.i.launch.MavenLaunchDelegate -  mvn  -DarchetypeGroupId=org.apache.maven.archetypes -DarchetypeArtifactId=maven-archetype-quickstart -DarchetypeVersion=1.1 -DgroupId=nch -DartifactId=wcmstests -Dversion=0.0.1-SNAPSHOT -Dpackage=nch.wcmstests -DoutputDirectory=C:\Users\lxm166\selenium-workspace\wcmstests -Dstyle.color=always -U archetype:generate
2024-10-21 09:55:56,090 [Worker-4: Loading available Gradle versions] INFO  o.e.b.c.i.u.g.PublishedGradleVersions - Gradle version information cache is up-to-date. Trying to read.
2024-10-21 09:59:03,973 [Worker-38: Launching mavenrun-15301d7b-1a9d-4c4e-891f-5fadaffc54f6] INFO  o.eclipse.m2e.core.internal.Bundles - getClasspathEntries(Bundle=org.eclipse.m2e.maven.runtime_3.9.900.20240824-1409 [299])
2024-10-21 09:59:03,976 [Worker-38: Launching mavenrun-15301d7b-1a9d-4c4e-891f-5fadaffc54f6] INFO  o.eclipse.m2e.core.internal.Bundles - 	Entry: C:\Users\lxm166\.p2\pool\plugins\org.eclipse.m2e.maven.runtime_3.9.900.20240824-1409
2024-10-21 09:59:03,977 [Worker-38: Launching mavenrun-15301d7b-1a9d-4c4e-891f-5fadaffc54f6] INFO  o.eclipse.m2e.core.internal.Bundles - 	Entry: C:\Users\lxm166\.p2\pool\plugins\org.eclipse.m2e.maven.runtime_3.9.900.20240824-1409\jars\aopalliance-1.0.jar
2024-10-21 09:59:03,977 [Worker-38: Launching mavenrun-15301d7b-1a9d-4c4e-891f-5fadaffc54f6] INFO  o.eclipse.m2e.core.internal.Bundles - 	Entry: C:\Users\lxm166\.p2\pool\plugins\org.eclipse.m2e.maven.runtime_3.9.900.20240824-1409\jars\guice-5.1.0.jar
2024-10-21 09:59:03,977 [Worker-38: Launching mavenrun-15301d7b-1a9d-4c4e-891f-5fadaffc54f6] INFO  o.eclipse.m2e.core.internal.Bundles - 	Entry: C:\Users\lxm166\.p2\pool\plugins\org.eclipse.m2e.maven.runtime_3.9.900.20240824-1409\jars\httpclient-4.5.14.jar
2024-10-21 09:59:03,977 [Worker-38: Launching mavenrun-15301d7b-1a9d-4c4e-891f-5fadaffc54f6] INFO  o.eclipse.m2e.core.internal.Bundles - 	Entry: C:\Users\lxm166\.p2\pool\plugins\org.eclipse.m2e.maven.runtime_3.9.900.20240824-1409\jars\httpcore-4.4.16.jar
2024-10-21 09:59:03,977 [Worker-38: Launching mavenrun-15301d7b-1a9d-4c4e-891f-5fadaffc54f6] INFO  o.eclipse.m2e.core.internal.Bundles - 	Entry: C:\Users\lxm166\.p2\pool\plugins\org.eclipse.m2e.maven.runtime_3.9.900.20240824-1409\jars\jansi-2.4.1.jar
2024-10-21 09:59:03,977 [Worker-38: Launching mavenrun-15301d7b-1a9d-4c4e-891f-5fadaffc54f6] INFO  o.eclipse.m2e.core.internal.Bundles - 	Entry: C:\Users\lxm166\.p2\pool\plugins\org.eclipse.m2e.maven.runtime_3.9.900.20240824-1409\jars\jcl-over-slf4j-1.7.36.jar
2024-10-21 09:59:03,977 [Worker-38: Launching mavenrun-15301d7b-1a9d-4c4e-891f-5fadaffc54f6] INFO  o.eclipse.m2e.core.internal.Bundles - 	Entry: C:\Users\lxm166\.p2\pool\plugins\org.eclipse.m2e.maven.runtime_3.9.900.20240824-1409\jars\maven-artifact-3.9.9.jar
2024-10-21 09:59:03,977 [Worker-38: Launching mavenrun-15301d7b-1a9d-4c4e-891f-5fadaffc54f6] INFO  o.eclipse.m2e.core.internal.Bundles - 	Entry: C:\Users\lxm166\.p2\pool\plugins\org.eclipse.m2e.maven.runtime_3.9.900.20240824-1409\jars\maven-builder-support-3.9.9.jar
2024-10-21 09:59:03,977 [Worker-38: Launching mavenrun-15301d7b-1a9d-4c4e-891f-5fadaffc54f6] INFO  o.eclipse.m2e.core.internal.Bundles - 	Entry: C:\Users\lxm166\.p2\pool\plugins\org.eclipse.m2e.maven.runtime_3.9.900.20240824-1409\jars\maven-compat-3.9.9.jar
2024-10-21 09:59:03,979 [Worker-38: Launching mavenrun-15301d7b-1a9d-4c4e-891f-5fadaffc54f6] INFO  o.eclipse.m2e.core.internal.Bundles - 	Entry: C:\Users\lxm166\.p2\pool\plugins\org.eclipse.m2e.maven.runtime_3.9.900.20240824-1409\jars\maven-core-3.9.9.jar
2024-10-21 09:59:03,979 [Worker-38: Launching mavenrun-15301d7b-1a9d-4c4e-891f-5fadaffc54f6] INFO  o.eclipse.m2e.core.internal.Bundles - 	Entry: C:\Users\lxm166\.p2\pool\plugins\org.eclipse.m2e.maven.runtime_3.9.900.20240824-1409\jars\maven-embedder-3.9.9.jar
2024-10-21 09:59:03,979 [Worker-38: Launching mavenrun-15301d7b-1a9d-4c4e-891f-5fadaffc54f6] INFO  o.eclipse.m2e.core.internal.Bundles - 	Entry: C:\Users\lxm166\.p2\pool\plugins\org.eclipse.m2e.maven.runtime_3.9.900.20240824-1409\jars\maven-model-3.9.9.jar
2024-10-21 09:59:03,979 [Worker-38: Launching mavenrun-15301d7b-1a9d-4c4e-891f-5fadaffc54f6] INFO  o.eclipse.m2e.core.internal.Bundles - 	Entry: C:\Users\lxm166\.p2\pool\plugins\org.eclipse.m2e.maven.runtime_3.9.900.20240824-1409\jars\maven-model-builder-3.9.9.jar
2024-10-21 09:59:03,979 [Worker-38: Launching mavenrun-15301d7b-1a9d-4c4e-891f-5fadaffc54f6] INFO  o.eclipse.m2e.core.internal.Bundles - 	Entry: C:\Users\lxm166\.p2\pool\plugins\org.eclipse.m2e.maven.runtime_3.9.900.20240824-1409\jars\maven-plugin-api-3.9.9.jar
2024-10-21 09:59:03,979 [Worker-38: Launching mavenrun-15301d7b-1a9d-4c4e-891f-5fadaffc54f6] INFO  o.eclipse.m2e.core.internal.Bundles - 	Entry: C:\Users\lxm166\.p2\pool\plugins\org.eclipse.m2e.maven.runtime_3.9.900.20240824-1409\jars\maven-repository-metadata-3.9.9.jar
2024-10-21 09:59:03,979 [Worker-38: Launching mavenrun-15301d7b-1a9d-4c4e-891f-5fadaffc54f6] INFO  o.eclipse.m2e.core.internal.Bundles - 	Entry: C:\Users\lxm166\.p2\pool\plugins\org.eclipse.m2e.maven.runtime_3.9.900.20240824-1409\jars\maven-resolver-api-1.9.22.jar
2024-10-21 09:59:03,980 [Worker-38: Launching mavenrun-15301d7b-1a9d-4c4e-891f-5fadaffc54f6] INFO  o.eclipse.m2e.core.internal.Bundles - 	Entry: C:\Users\lxm166\.p2\pool\plugins\org.eclipse.m2e.maven.runtime_3.9.900.20240824-1409\jars\maven-resolver-connector-basic-1.9.22.jar
2024-10-21 09:59:03,980 [Worker-38: Launching mavenrun-15301d7b-1a9d-4c4e-891f-5fadaffc54f6] INFO  o.eclipse.m2e.core.internal.Bundles - 	Entry: C:\Users\lxm166\.p2\pool\plugins\org.eclipse.m2e.maven.runtime_3.9.900.20240824-1409\jars\maven-resolver-impl-1.9.22.jar
2024-10-21 09:59:03,980 [Worker-38: Launching mavenrun-15301d7b-1a9d-4c4e-891f-5fadaffc54f6] INFO  o.eclipse.m2e.core.internal.Bundles - 	Entry: C:\Users\lxm166\.p2\pool\plugins\org.eclipse.m2e.maven.runtime_3.9.900.20240824-1409\jars\maven-resolver-named-locks-1.9.22.jar
2024-10-21 09:59:03,980 [Worker-38: Launching mavenrun-15301d7b-1a9d-4c4e-891f-5fadaffc54f6] INFO  o.eclipse.m2e.core.internal.Bundles - 	Entry: C:\Users\lxm166\.p2\pool\plugins\org.eclipse.m2e.maven.runtime_3.9.900.20240824-1409\jars\maven-resolver-provider-3.9.9.jar
2024-10-21 09:59:03,980 [Worker-38: Launching mavenrun-15301d7b-1a9d-4c4e-891f-5fadaffc54f6] INFO  o.eclipse.m2e.core.internal.Bundles - 	Entry: C:\Users\lxm166\.p2\pool\plugins\org.eclipse.m2e.maven.runtime_3.9.900.20240824-1409\jars\maven-resolver-spi-1.9.22.jar
2024-10-21 09:59:03,980 [Worker-38: Launching mavenrun-15301d7b-1a9d-4c4e-891f-5fadaffc54f6] INFO  o.eclipse.m2e.core.internal.Bundles - 	Entry: C:\Users\lxm166\.p2\pool\plugins\org.eclipse.m2e.maven.runtime_3.9.900.20240824-1409\jars\maven-resolver-transport-file-1.9.22.jar
2024-10-21 09:59:03,980 [Worker-38: Launching mavenrun-15301d7b-1a9d-4c4e-891f-5fadaffc54f6] INFO  o.eclipse.m2e.core.internal.Bundles - 	Entry: C:\Users\lxm166\.p2\pool\plugins\org.eclipse.m2e.maven.runtime_3.9.900.20240824-1409\jars\maven-resolver-transport-http-1.9.22.jar
2024-10-21 09:59:03,980 [Worker-38: Launching mavenrun-15301d7b-1a9d-4c4e-891f-5fadaffc54f6] INFO  o.eclipse.m2e.core.internal.Bundles - 	Entry: C:\Users\lxm166\.p2\pool\plugins\org.eclipse.m2e.maven.runtime_3.9.900.20240824-1409\jars\maven-resolver-transport-wagon-1.9.22.jar
2024-10-21 09:59:03,981 [Worker-38: Launching mavenrun-15301d7b-1a9d-4c4e-891f-5fadaffc54f6] INFO  o.eclipse.m2e.core.internal.Bundles - 	Entry: C:\Users\lxm166\.p2\pool\plugins\org.eclipse.m2e.maven.runtime_3.9.900.20240824-1409\jars\maven-resolver-util-1.9.22.jar
2024-10-21 09:59:03,981 [Worker-38: Launching mavenrun-15301d7b-1a9d-4c4e-891f-5fadaffc54f6] INFO  o.eclipse.m2e.core.internal.Bundles - 	Entry: C:\Users\lxm166\.p2\pool\plugins\org.eclipse.m2e.maven.runtime_3.9.900.20240824-1409\jars\maven-settings-3.9.9.jar
2024-10-21 09:59:03,981 [Worker-38: Launching mavenrun-15301d7b-1a9d-4c4e-891f-5fadaffc54f6] INFO  o.eclipse.m2e.core.internal.Bundles - 	Entry: C:\Users\lxm166\.p2\pool\plugins\org.eclipse.m2e.maven.runtime_3.9.900.20240824-1409\jars\maven-settings-builder-3.9.9.jar
2024-10-21 09:59:03,981 [Worker-38: Launching mavenrun-15301d7b-1a9d-4c4e-891f-5fadaffc54f6] INFO  o.eclipse.m2e.core.internal.Bundles - 	Entry: C:\Users\lxm166\.p2\pool\plugins\org.eclipse.m2e.maven.runtime_3.9.900.20240824-1409\jars\maven-shared-utils-3.4.2.jar
2024-10-21 09:59:03,981 [Worker-38: Launching mavenrun-15301d7b-1a9d-4c4e-891f-5fadaffc54f6] INFO  o.eclipse.m2e.core.internal.Bundles - 	Entry: C:\Users\lxm166\.p2\pool\plugins\org.eclipse.m2e.maven.runtime_3.9.900.20240824-1409\jars\org.eclipse.sisu.inject-0.9.0.M3.jar
2024-10-21 09:59:03,982 [Worker-38: Launching mavenrun-15301d7b-1a9d-4c4e-891f-5fadaffc54f6] INFO  o.eclipse.m2e.core.internal.Bundles - 	Entry: C:\Users\lxm166\.p2\pool\plugins\org.eclipse.m2e.maven.runtime_3.9.900.20240824-1409\jars\org.eclipse.sisu.plexus-0.9.0.M3.jar
2024-10-21 09:59:03,982 [Worker-38: Launching mavenrun-15301d7b-1a9d-4c4e-891f-5fadaffc54f6] INFO  o.eclipse.m2e.core.internal.Bundles - 	Entry: C:\Users\lxm166\.p2\pool\plugins\org.eclipse.m2e.maven.runtime_3.9.900.20240824-1409\jars\plexus-build-api-0.0.7.jar
2024-10-21 09:59:03,982 [Worker-38: Launching mavenrun-15301d7b-1a9d-4c4e-891f-5fadaffc54f6] INFO  o.eclipse.m2e.core.internal.Bundles - 	Entry: C:\Users\lxm166\.p2\pool\plugins\org.eclipse.m2e.maven.runtime_3.9.900.20240824-1409\jars\plexus-build-api-1.2.0.jar
2024-10-21 09:59:03,982 [Worker-38: Launching mavenrun-15301d7b-1a9d-4c4e-891f-5fadaffc54f6] INFO  o.eclipse.m2e.core.internal.Bundles - 	Entry: C:\Users\lxm166\.p2\pool\plugins\org.eclipse.m2e.maven.runtime_3.9.900.20240824-1409\jars\plexus-cipher-2.0.jar
2024-10-21 09:59:03,982 [Worker-38: Launching mavenrun-15301d7b-1a9d-4c4e-891f-5fadaffc54f6] INFO  o.eclipse.m2e.core.internal.Bundles - 	Entry: C:\Users\lxm166\.p2\pool\plugins\org.eclipse.m2e.maven.runtime_3.9.900.20240824-1409\jars\plexus-classworlds-2.8.0.jar
2024-10-21 09:59:03,982 [Worker-38: Launching mavenrun-15301d7b-1a9d-4c4e-891f-5fadaffc54f6] INFO  o.eclipse.m2e.core.internal.Bundles - 	Entry: C:\Users\lxm166\.p2\pool\plugins\org.eclipse.m2e.maven.runtime_3.9.900.20240824-1409\jars\plexus-component-annotations-2.1.0.jar
2024-10-21 09:59:03,982 [Worker-38: Launching mavenrun-15301d7b-1a9d-4c4e-891f-5fadaffc54f6] INFO  o.eclipse.m2e.core.internal.Bundles - 	Entry: C:\Users\lxm166\.p2\pool\plugins\org.eclipse.m2e.maven.runtime_3.9.900.20240824-1409\jars\plexus-interpolation-1.27.jar
2024-10-21 09:59:03,983 [Worker-38: Launching mavenrun-15301d7b-1a9d-4c4e-891f-5fadaffc54f6] INFO  o.eclipse.m2e.core.internal.Bundles - 	Entry: C:\Users\lxm166\.p2\pool\plugins\org.eclipse.m2e.maven.runtime_3.9.900.20240824-1409\jars\plexus-sec-dispatcher-2.0.jar
2024-10-21 09:59:03,983 [Worker-38: Launching mavenrun-15301d7b-1a9d-4c4e-891f-5fadaffc54f6] INFO  o.eclipse.m2e.core.internal.Bundles - 	Entry: C:\Users\lxm166\.p2\pool\plugins\org.eclipse.m2e.maven.runtime_3.9.900.20240824-1409\jars\plexus-utils-3.5.1.jar
2024-10-21 09:59:03,983 [Worker-38: Launching mavenrun-15301d7b-1a9d-4c4e-891f-5fadaffc54f6] INFO  o.eclipse.m2e.core.internal.Bundles - 	Entry: C:\Users\lxm166\.p2\pool\plugins\org.eclipse.m2e.maven.runtime_3.9.900.20240824-1409\jars\plexus-xml-3.0.1.jar
2024-10-21 09:59:03,984 [Worker-38: Launching mavenrun-15301d7b-1a9d-4c4e-891f-5fadaffc54f6] INFO  o.eclipse.m2e.core.internal.Bundles - 	Entry: C:\Users\lxm166\.p2\pool\plugins\org.eclipse.m2e.maven.runtime_3.9.900.20240824-1409\jars\wagon-file-3.5.3.jar
2024-10-21 09:59:03,984 [Worker-38: Launching mavenrun-15301d7b-1a9d-4c4e-891f-5fadaffc54f6] INFO  o.eclipse.m2e.core.internal.Bundles - 	Entry: C:\Users\lxm166\.p2\pool\plugins\org.eclipse.m2e.maven.runtime_3.9.900.20240824-1409\jars\wagon-http-3.5.3.jar
2024-10-21 09:59:03,984 [Worker-38: Launching mavenrun-15301d7b-1a9d-4c4e-891f-5fadaffc54f6] INFO  o.eclipse.m2e.core.internal.Bundles - 	Entry: C:\Users\lxm166\.p2\pool\plugins\org.eclipse.m2e.maven.runtime_3.9.900.20240824-1409\jars\wagon-http-shared-3.5.3.jar
2024-10-21 09:59:03,984 [Worker-38: Launching mavenrun-15301d7b-1a9d-4c4e-891f-5fadaffc54f6] INFO  o.eclipse.m2e.core.internal.Bundles - 	Entry: C:\Users\lxm166\.p2\pool\plugins\org.eclipse.m2e.maven.runtime_3.9.900.20240824-1409\jars\wagon-provider-api-3.5.3.jar
2024-10-21 09:59:03,986 [Worker-38: Launching mavenrun-15301d7b-1a9d-4c4e-891f-5fadaffc54f6] INFO  o.eclipse.m2e.core.internal.Bundles - getClasspathEntries(Bundle=com.google.guava_33.3.0.jre [10])
2024-10-21 09:59:03,986 [Worker-38: Launching mavenrun-15301d7b-1a9d-4c4e-891f-5fadaffc54f6] INFO  o.eclipse.m2e.core.internal.Bundles - 	Entry: C:\Users\lxm166\.p2\pool\plugins\com.google.guava_33.3.0.jre.jar
2024-10-21 09:59:03,986 [Worker-38: Launching mavenrun-15301d7b-1a9d-4c4e-891f-5fadaffc54f6] INFO  o.eclipse.m2e.core.internal.Bundles - getClasspathEntries(Bundle=slf4j.api_2.0.16 [521])
2024-10-21 09:59:03,987 [Worker-38: Launching mavenrun-15301d7b-1a9d-4c4e-891f-5fadaffc54f6] INFO  o.eclipse.m2e.core.internal.Bundles - 	Entry: C:\Users\lxm166\.p2\pool\plugins\slf4j.api_2.0.16.jar
2024-10-21 09:59:03,987 [Worker-38: Launching mavenrun-15301d7b-1a9d-4c4e-891f-5fadaffc54f6] INFO  o.eclipse.m2e.core.internal.Bundles - getClasspathEntries(Bundle=jakarta.inject.jakarta.inject-api_1.0.5 [22])
2024-10-21 09:59:03,987 [Worker-38: Launching mavenrun-15301d7b-1a9d-4c4e-891f-5fadaffc54f6] INFO  o.eclipse.m2e.core.internal.Bundles - 	Entry: C:\Users\lxm166\.p2\pool\plugins\jakarta.inject.jakarta.inject-api_1.0.5.jar
2024-10-21 09:59:03,987 [Worker-38: Launching mavenrun-15301d7b-1a9d-4c4e-891f-5fadaffc54f6] INFO  o.eclipse.m2e.core.internal.Bundles - getClasspathEntries(Bundle=jakarta.annotation-api_1.3.5 [20])
2024-10-21 09:59:03,987 [Worker-38: Launching mavenrun-15301d7b-1a9d-4c4e-891f-5fadaffc54f6] INFO  o.eclipse.m2e.core.internal.Bundles - 	Entry: C:\Users\lxm166\.p2\pool\plugins\jakarta.annotation-api_1.3.5.jar
2024-10-21 09:59:03,987 [Worker-38: Launching mavenrun-15301d7b-1a9d-4c4e-891f-5fadaffc54f6] INFO  o.eclipse.m2e.core.internal.Bundles - getClasspathEntries(Bundle=org.apache.commons.cli_1.9.0 [47])
2024-10-21 09:59:03,987 [Worker-38: Launching mavenrun-15301d7b-1a9d-4c4e-891f-5fadaffc54f6] INFO  o.eclipse.m2e.core.internal.Bundles - 	Entry: C:\Users\lxm166\.p2\pool\plugins\org.apache.commons.cli_1.9.0.jar
2024-10-21 09:59:03,987 [Worker-38: Launching mavenrun-15301d7b-1a9d-4c4e-891f-5fadaffc54f6] INFO  o.eclipse.m2e.core.internal.Bundles - getClasspathEntries(Bundle=org.apache.commons.commons-codec_1.16.0 [50])
2024-10-21 09:59:03,989 [Worker-38: Launching mavenrun-15301d7b-1a9d-4c4e-891f-5fadaffc54f6] INFO  o.eclipse.m2e.core.internal.Bundles - 	Entry: C:\Users\lxm166\.p2\pool\plugins\org.apache.commons.commons-codec_1.16.0.jar
2024-10-21 09:59:03,989 [Worker-38: Launching mavenrun-15301d7b-1a9d-4c4e-891f-5fadaffc54f6] INFO  o.eclipse.m2e.core.internal.Bundles - getClasspathEntries(Bundle=com.google.guava.failureaccess_1.0.2 [11])
2024-10-21 09:59:03,989 [Worker-38: Launching mavenrun-15301d7b-1a9d-4c4e-891f-5fadaffc54f6] INFO  o.eclipse.m2e.core.internal.Bundles - 	Entry: C:\Users\lxm166\.p2\pool\plugins\com.google.guava.failureaccess_1.0.2.jar
2024-10-21 09:59:03,996 [Worker-38: Launching mavenrun-15301d7b-1a9d-4c4e-891f-5fadaffc54f6] INFO  o.e.m.i.launch.MavenLaunchDelegate - Run build in "C:\Users\lxm166\AppData\Local\Temp\m2e-archetypeGenerator2950962536463417248":
2024-10-21 09:59:03,999 [Worker-38: Launching mavenrun-15301d7b-1a9d-4c4e-891f-5fadaffc54f6] INFO  o.e.m.i.launch.MavenLaunchDelegate -  mvn  -DjavaVersion=17 -DarchetypeGroupId=ru.stqa.selenium -DarchetypeArtifactId=webdriver-testng-archetype -DarchetypeVersion=4.5 -DgroupId=nch -DartifactId=wcmstests -Dversion=0.0.1-SNAPSHOT -Dpackage=nch.wcmstests -DoutputDirectory=C:\Users\lxm166\selenium-workspace\wcmstests -Dstyle.color=always -U archetype:generate
2024-11-01 09:43:49,893 [Worker-1: Loading available Gradle versions] INFO  o.e.b.c.i.u.g.PublishedGradleVersions - Gradle version information cache is out-of-date. Trying to update.
